Traceback (most recent call last):
  File "/raid/localscratch/qfebvre/ocb/ocb-docs/lib/python3.11/site-packages/jupyter_cache/executors/utils.py", line 58, in single_nb_execution
    executenb(
  File "/raid/localscratch/qfebvre/ocb/ocb-docs/lib/python3.11/site-packages/nbclient/client.py", line 1314, in execute
    return NotebookClient(nb=nb, resources=resources, km=km, **kwargs).execute()
           ^^^^^^^^^^^^^^^^^^^^^^^^^^^^^^^^^^^^^^^^^^^^^^^^^^^^^^^^^^^^^^^^^^^^^
  File "/raid/localscratch/qfebvre/ocb/ocb-docs/lib/python3.11/site-packages/jupyter_core/utils/__init__.py", line 165, in wrapped
    return loop.run_until_complete(inner)
           ^^^^^^^^^^^^^^^^^^^^^^^^^^^^^^
  File "/raid/localscratch/qfebvre/ocb/ocb-docs/lib/python3.11/asyncio/base_events.py", line 650, in run_until_complete
    return future.result()
           ^^^^^^^^^^^^^^^
  File "/raid/localscratch/qfebvre/ocb/ocb-docs/lib/python3.11/contextlib.py", line 222, in __aexit__
    await self.gen.athrow(typ, value, traceback)
  File "/raid/localscratch/qfebvre/ocb/ocb-docs/lib/python3.11/site-packages/nbclient/client.py", line 654, in async_setup_kernel
    yield
  File "/raid/localscratch/qfebvre/ocb/ocb-docs/lib/python3.11/site-packages/nbclient/client.py", line 709, in async_execute
    await self.async_execute_cell(
  File "/raid/localscratch/qfebvre/ocb/ocb-docs/lib/python3.11/site-packages/nbclient/client.py", line 1062, in async_execute_cell
    await self._check_raise_for_error(cell, cell_index, exec_reply)
  File "/raid/localscratch/qfebvre/ocb/ocb-docs/lib/python3.11/site-packages/nbclient/client.py", line 918, in _check_raise_for_error
    raise CellExecutionError.from_cell_and_msg(cell, exec_reply_content)
nbclient.exceptions.CellExecutionError: An error occurred while executing the following cell:
------------------
# 2D map
bin_size = 1/20
(
    ds.sel(time='2017-08-01').assign(
        lat=ds.lat / bin_size // 1 * bin_size,
        lon=ds.lon / bin_size // 1 * bin_size
    )[['ssh', 'lat', 'lon']].load()
    .drop_vars('time')
    .to_dataframe()
    .groupby(['lat', 'lon']).mean()
    .to_xarray()
).ssh.plot()
------------------


[0;31m---------------------------------------------------------------------------[0m
[0;31mTypeError[0m                                 Traceback (most recent call last)
Cell [0;32mIn[4], line 12[0m
[1;32m      1[0m [38;5;66;03m# 2D map[39;00m
[1;32m      2[0m bin_size [38;5;241m=[39m [38;5;241m1[39m[38;5;241m/[39m[38;5;241m20[39m
[1;32m      3[0m [43m([49m
[1;32m      4[0m [43m    [49m[43mds[49m[38;5;241;43m.[39;49m[43msel[49m[43m([49m[43mtime[49m[38;5;241;43m=[39;49m[38;5;124;43m'[39;49m[38;5;124;43m2017-08-01[39;49m[38;5;124;43m'[39;49m[43m)[49m[38;5;241;43m.[39;49m[43massign[49m[43m([49m
[1;32m      5[0m [43m        [49m[43mlat[49m[38;5;241;43m=[39;49m[43mds[49m[38;5;241;43m.[39;49m[43mlat[49m[43m [49m[38;5;241;43m/[39;49m[43m [49m[43mbin_size[49m[43m [49m[38;5;241;43m/[39;49m[38;5;241;43m/[39;49m[43m [49m[38;5;241;43m1[39;49m[43m [49m[38;5;241;43m*[39;49m[43m [49m[43mbin_size[49m[43m,[49m
[1;32m      6[0m [43m        [49m[43mlon[49m[38;5;241;43m=[39;49m[43mds[49m[38;5;241;43m.[39;49m[43mlon[49m[43m [49m[38;5;241;43m/[39;49m[43m [49m[43mbin_size[49m[43m [49m[38;5;241;43m/[39;49m[38;5;241;43m/[39;49m[43m [49m[38;5;241;43m1[39;49m[43m [49m[38;5;241;43m*[39;49m[43m [49m[43mbin_size[49m
[1;32m      7[0m [43m    [49m[43m)[49m[43m[[49m[43m[[49m[38;5;124;43m'[39;49m[38;5;124;43mssh[39;49m[38;5;124;43m'[39;49m[43m,[49m[43m [49m[38;5;124;43m'[39;49m[38;5;124;43mlat[39;49m[38;5;124;43m'[39;49m[43m,[49m[43m [49m[38;5;124;43m'[39;49m[38;5;124;43mlon[39;49m[38;5;124;43m'[39;49m[43m][49m[43m][49m[38;5;241;43m.[39;49m[43mload[49m[43m([49m[43m)[49m
[1;32m      8[0m [43m    [49m[38;5;241;43m.[39;49m[43mdrop_vars[49m[43m([49m[38;5;124;43m'[39;49m[38;5;124;43mtime[39;49m[38;5;124;43m'[39;49m[43m)[49m
[1;32m      9[0m [43m    [49m[38;5;241;43m.[39;49m[43mto_dataframe[49m[43m([49m[43m)[49m
[1;32m     10[0m [43m    [49m[38;5;241;43m.[39;49m[43mgroupby[49m[43m([49m[43m[[49m[38;5;124;43m'[39;49m[38;5;124;43mlat[39;49m[38;5;124;43m'[39;49m[43m,[49m[43m [49m[38;5;124;43m'[39;49m[38;5;124;43mlon[39;49m[38;5;124;43m'[39;49m[43m][49m[43m)[49m[38;5;241;43m.[39;49m[43mmean[49m[43m([49m[43m)[49m
[1;32m     11[0m [43m    [49m[38;5;241;43m.[39;49m[43mto_xarray[49m[43m([49m[43m)[49m
[0;32m---> 12[0m [43m)[49m[38;5;241;43m.[39;49m[43mssh[49m[38;5;241;43m.[39;49m[43mplot[49m[43m([49m[43m)[49m

File [0;32m/raid/localscratch/qfebvre/ocb/ocb-docs/lib/python3.11/site-packages/xarray/plot/accessor.py:48[0m, in [0;36mDataArrayPlotAccessor.__call__[0;34m(self, **kwargs)[0m
[1;32m     46[0m [38;5;129m@functools[39m[38;5;241m.[39mwraps(dataarray_plot[38;5;241m.[39mplot, assigned[38;5;241m=[39m([38;5;124m"[39m[38;5;124m__doc__[39m[38;5;124m"[39m, [38;5;124m"[39m[38;5;124m__annotations__[39m[38;5;124m"[39m))
[1;32m     47[0m [38;5;28;01mdef[39;00m [38;5;21m__call__[39m([38;5;28mself[39m, [38;5;241m*[39m[38;5;241m*[39mkwargs) [38;5;241m-[39m[38;5;241m>[39m Any:
[0;32m---> 48[0m     [38;5;28;01mreturn[39;00m [43mdataarray_plot[49m[38;5;241;43m.[39;49m[43mplot[49m[43m([49m[38;5;28;43mself[39;49m[38;5;241;43m.[39;49m[43m_da[49m[43m,[49m[43m [49m[38;5;241;43m*[39;49m[38;5;241;43m*[39;49m[43mkwargs[49m[43m)[49m

File [0;32m/raid/localscratch/qfebvre/ocb/ocb-docs/lib/python3.11/site-packages/xarray/plot/dataarray_plot.py:282[0m, in [0;36mplot[0;34m(darray, row, col, col_wrap, ax, hue, subplot_kws, **kwargs)[0m
[1;32m    279[0m plotfunc: Callable
[1;32m    281[0m [38;5;28;01mif[39;00m ndims [38;5;241m==[39m [38;5;241m0[39m [38;5;129;01mor[39;00m darray[38;5;241m.[39msize [38;5;241m==[39m [38;5;241m0[39m:
[0;32m--> 282[0m     [38;5;28;01mraise[39;00m [38;5;167;01mTypeError[39;00m([38;5;124m"[39m[38;5;124mNo numeric data to plot.[39m[38;5;124m"[39m)
[1;32m    283[0m [38;5;28;01mif[39;00m ndims [38;5;129;01min[39;00m ([38;5;241m1[39m, [38;5;241m2[39m):
[1;32m    284[0m     [38;5;28;01mif[39;00m row [38;5;129;01mor[39;00m col:

[0;31mTypeError[0m: No numeric data to plot.

