Traceback (most recent call last):
  File "/raid/localscratch/qfebvre/ocb/ocb-docs/lib/python3.11/site-packages/jupyter_cache/executors/utils.py", line 58, in single_nb_execution
    executenb(
  File "/raid/localscratch/qfebvre/ocb/ocb-docs/lib/python3.11/site-packages/nbclient/client.py", line 1314, in execute
    return NotebookClient(nb=nb, resources=resources, km=km, **kwargs).execute()
           ^^^^^^^^^^^^^^^^^^^^^^^^^^^^^^^^^^^^^^^^^^^^^^^^^^^^^^^^^^^^^^^^^^^^^
  File "/raid/localscratch/qfebvre/ocb/ocb-docs/lib/python3.11/site-packages/jupyter_core/utils/__init__.py", line 165, in wrapped
    return loop.run_until_complete(inner)
           ^^^^^^^^^^^^^^^^^^^^^^^^^^^^^^
  File "/raid/localscratch/qfebvre/ocb/ocb-docs/lib/python3.11/asyncio/base_events.py", line 650, in run_until_complete
    return future.result()
           ^^^^^^^^^^^^^^^
  File "/raid/localscratch/qfebvre/ocb/ocb-docs/lib/python3.11/contextlib.py", line 222, in __aexit__
    await self.gen.athrow(typ, value, traceback)
  File "/raid/localscratch/qfebvre/ocb/ocb-docs/lib/python3.11/site-packages/nbclient/client.py", line 654, in async_setup_kernel
    yield
  File "/raid/localscratch/qfebvre/ocb/ocb-docs/lib/python3.11/site-packages/nbclient/client.py", line 709, in async_execute
    await self.async_execute_cell(
  File "/raid/localscratch/qfebvre/ocb/ocb-docs/lib/python3.11/site-packages/nbclient/client.py", line 1062, in async_execute_cell
    await self._check_raise_for_error(cell, cell_index, exec_reply)
  File "/raid/localscratch/qfebvre/ocb/ocb-docs/lib/python3.11/site-packages/nbclient/client.py", line 918, in _check_raise_for_error
    raise CellExecutionError.from_cell_and_msg(cell, exec_reply_content)
nbclient.exceptions.CellExecutionError: An error occurred while executing the following cell:
------------------
import xarray as xr
obs = xr.open_mfdataset('input/*.nc', combine='nested',concat_dim='time')
bin_size = 1/20
(
    obs.sel(time='2017-01-01').assign(
        lat=obs.lat / bin_size // 1 * bin_size,
        lon=obs.lon / bin_size // 1 * bin_size
    )[['ssh', 'lat', 'lon']].load()
    .drop_vars('time')
    .to_dataframe()
    .groupby(['lat', 'lon']).mean()
    .to_xarray()
).ssh.plot()
------------------


[0;31m---------------------------------------------------------------------------[0m
[0;31mOSError[0m                                   Traceback (most recent call last)
Cell [0;32mIn[2], line 2[0m
[1;32m      1[0m [38;5;28;01mimport[39;00m [38;5;21;01mxarray[39;00m [38;5;28;01mas[39;00m [38;5;21;01mxr[39;00m
[0;32m----> 2[0m obs [38;5;241m=[39m [43mxr[49m[38;5;241;43m.[39;49m[43mopen_mfdataset[49m[43m([49m[38;5;124;43m'[39;49m[38;5;124;43minput/*.nc[39;49m[38;5;124;43m'[39;49m[43m,[49m[43m [49m[43mcombine[49m[38;5;241;43m=[39;49m[38;5;124;43m'[39;49m[38;5;124;43mnested[39;49m[38;5;124;43m'[39;49m[43m,[49m[43mconcat_dim[49m[38;5;241;43m=[39;49m[38;5;124;43m'[39;49m[38;5;124;43mtime[39;49m[38;5;124;43m'[39;49m[43m)[49m
[1;32m      3[0m bin_size [38;5;241m=[39m [38;5;241m1[39m[38;5;241m/[39m[38;5;241m20[39m
[1;32m      4[0m (
[1;32m      5[0m     obs[38;5;241m.[39msel(time[38;5;241m=[39m[38;5;124m'[39m[38;5;124m2017-01-01[39m[38;5;124m'[39m)[38;5;241m.[39massign(
[1;32m      6[0m         lat[38;5;241m=[39mobs[38;5;241m.[39mlat [38;5;241m/[39m bin_size [38;5;241m/[39m[38;5;241m/[39m [38;5;241m1[39m [38;5;241m*[39m bin_size,
[0;32m   (...)[0m
[1;32m     12[0m     [38;5;241m.[39mto_xarray()
[1;32m     13[0m )[38;5;241m.[39mssh[38;5;241m.[39mplot()

File [0;32m/raid/localscratch/qfebvre/ocb/ocb-docs/lib/python3.11/site-packages/xarray/backends/api.py:1021[0m, in [0;36mopen_mfdataset[0;34m(paths, chunks, concat_dim, compat, preprocess, engine, data_vars, coords, combine, parallel, join, attrs_file, combine_attrs, **kwargs)[0m
[1;32m   1018[0m paths [38;5;241m=[39m _find_absolute_paths(paths, engine[38;5;241m=[39mengine, [38;5;241m*[39m[38;5;241m*[39mkwargs)
[1;32m   1020[0m [38;5;28;01mif[39;00m [38;5;129;01mnot[39;00m paths:
[0;32m-> 1021[0m     [38;5;28;01mraise[39;00m [38;5;167;01mOSError[39;00m([38;5;124m"[39m[38;5;124mno files to open[39m[38;5;124m"[39m)
[1;32m   1023[0m [38;5;28;01mif[39;00m combine [38;5;241m==[39m [38;5;124m"[39m[38;5;124mnested[39m[38;5;124m"[39m:
[1;32m   1024[0m     [38;5;28;01mif[39;00m [38;5;28misinstance[39m(concat_dim, ([38;5;28mstr[39m, DataArray)) [38;5;129;01mor[39;00m concat_dim [38;5;129;01mis[39;00m [38;5;28;01mNone[39;00m:

[0;31mOSError[0m: no files to open

